PS D:\Mtech\Hardware For AI\Assignment-1\Training> python.exe .\knn_model.py

===== DATASET INFO =====
<class 'pandas.core.frame.DataFrame'>
RangeIndex: 768 entries, 0 to 767
Data columns (total 9 columns):
 #   Column                    Non-Null Count  Dtype
---  ------                    --------------  -----
 0   Pregnancies               768 non-null    int64
 1   Glucose                   768 non-null    int64
 2   BloodPressure             768 non-null    int64
 3   SkinThickness             768 non-null    int64
 4   Insulin                   768 non-null    int64
 5   BMI                       768 non-null    float64
 6   DiabetesPedigreeFunction  768 non-null    float64
 7   Age                       768 non-null    int64
 8   Outcome                   768 non-null    int64
dtypes: float64(2), int64(7)
memory usage: 54.1 KB
None

First 5 rows:
    Pregnancies  Glucose  BloodPressure  SkinThickness  Insulin   BMI  DiabetesPedigreeFunction  Age  Outcome
0            6      148             72             35        0  33.6                     0.627   50        1
1            1       85             66             29        0  26.6                     0.351   31        0
2            8      183             64              0        0  23.3                     0.672   32        1
3            1       89             66             23       94  28.1                     0.167   21        0
4            0      137             40             35      168  43.1                     2.288   33        1

===== DATA SPLIT =====
Training samples : 614
Testing samples  : 154

===== MODEL CONFIGURATION =====
Algorithm        : k-NN
k (neighbors)    : 5
Distance metric  : Manhatten

===== TEST RESULTS =====
Accuracy : 70.13 %

Confusion Matrix:
[[80 20]
 [26 28]]

Classification Report:
              precision    recall  f1-score   support

           0       0.75      0.80      0.78       100
           1       0.58      0.52      0.55        54

    accuracy                           0.70       154
   macro avg       0.67      0.66      0.66       154
weighted avg       0.69      0.70      0.70       154


===== ROC ANALYSIS =====
ROC-AUC Score     : 0.740
Optimal Threshold: 0.40

===== HARDWARE-INFERENCE SUMMARY =====
Decision Rule:
if probability >= 0.40 -> Outcome = 1 (Diabetic)
else -> Outcome = 0 (Non-Diabetic)