
===== DATASET LOADED =====
   Pregnancies  Glucose  BloodPressure  SkinThickness  Insulin   BMI  DiabetesPedigreeFunction  Age  Outcome
0            6      148             72             35        0  33.6                     0.627   50        1
1            1       85             66             29        0  26.6                     0.351   31        0
2            8      183             64              0        0  23.3                     0.672   32        1
3            1       89             66             23       94  28.1                     0.167   21        0
4            0      137             40             35      168  43.1                     2.288   33        1

===== FLOAT MODEL RESULT =====
Accuracy : 70.13 %

===== DATA TYPES AFTER FULL INT8 QUANTIZATION =====
Pregnancies                 int8
Glucose                     int8
BloodPressure               int8
SkinThickness               int8
Insulin                     int8
BMI                         int8
DiabetesPedigreeFunction    int8
Age                         int8
Outcome                     int8
dtype: object

===== INT8 MODEL RESULT =====
Accuracy : 70.78 %

================ FINAL COMPARISON ================
Float Accuracy : 70.13 %
INT8 Accuracy  : 70.78 %
Accuracy Drop  : -0.65 %

Hardware Note:
✔ INT8-only features
✔ DSP / ASIC friendly
✔ ~1–3% accuracy loss (acceptable)